빌드 시작: 2018-08-19 오후 5:33:29
     1>2 노드의 "C:\Users\leehyun\documents\visual studio 2010\Projects\tetris\tetris\tetris.vcxproj" 프로젝트(build 대상)입니다.
     1>InitializeBuildStatus:
         "AlwaysCreate"이(가) 지정되었기 때문에 "Debug\tetris.unsuccessfulbuild"을(를) 만들고 있습니다.
       ClCompile:
         e:\program file\visual\VC\bin\CL.exe /c /ZI /nologo /W3 /WX- /Od /Oy- /D WIN32 /D _DEBUG /D _CONSOLE /D _UNICODE /D UNICODE /Gm /EHsc /RTC1 /MDd /GS /fp:precise /Zc:wchar_t /Zc:forScope /Fo"Debug\\" /Fd"Debug\vc100.pdb" /Gd /TP /analyze- /errorReport:prompt tetris.cpp
         tetris.cpp
     1>c:\users\leehyun\documents\visual studio 2010\projects\tetris\tetris\consola.h : warning C4819: 현재 코드 페이지(949)에서 표시할 수 없는 문자가 파일에 들어 있습니다. 데이터가 손실되지 않게 하려면 해당 파일을 유니코드 형식으로 저장하십시오.
     1>c:\users\leehyun\documents\visual studio 2010\projects\tetris\tetris\view.h(1): warning C4067: 전처리기 지시문 다음에 예기치 않은 토큰이 있습니다. 줄 바꿈 문자가 필요합니다.
     1>c:\users\leehyun\documents\visual studio 2010\projects\tetris\tetris\consola.h : warning C4819: 현재 코드 페이지(949)에서 표시할 수 없는 문자가 파일에 들어 있습니다. 데이터가 손실되지 않게 하려면 해당 파일을 유니코드 형식으로 저장하십시오.
       Link:
         e:\program file\visual\VC\bin\link.exe /ERRORREPORT:PROMPT /OUT:"C:\Users\leehyun\documents\visual studio 2010\Projects\tetris\Debug\tetris.exe" /INCREMENTAL /NOLOGO kernel32.lib user32.lib gdi32.lib winspool.lib comdlg32.lib advapi32.lib shell32.lib ole32.lib oleaut32.lib uuid.lib odbc32.lib odbccp32.lib kernel32.lib user32.lib gdi32.lib winspool.lib comdlg32.lib advapi32.lib shell32.lib ole32.lib oleaut32.lib uuid.lib odbc32.lib odbccp32.lib consola.lib /NODEFAULTLIB:LIBC.lib /MANIFEST /ManifestFile:"Debug\tetris.exe.intermediate.manifest" /MANIFESTUAC:"level='asInvoker' uiAccess='false'" /DEBUG /PDB:"C:\Users\leehyun\documents\visual studio 2010\Projects\tetris\Debug\tetris.pdb" /SUBSYSTEM:CONSOLE /TLBID:1 /DYNAMICBASE /NXCOMPAT /IMPLIB:"C:\Users\leehyun\documents\visual studio 2010\Projects\tetris\Debug\tetris.lib" /MACHINE:X86 Debug\tetris.obj
         tetris.vcxproj -> C:\Users\leehyun\documents\visual studio 2010\Projects\tetris\Debug\tetris.exe
       Manifest:
         C:\Program Files (x86)\Microsoft SDKs\Windows\v7.0A\bin\mt.exe /nologo /verbose /out:"C:\Users\leehyun\documents\visual studio 2010\Projects\tetris\Debug\tetris.exe.manifest" /manifest Debug\tetris.exe.intermediate.manifest
       FinalizeBuildStatus:
         "Debug\tetris.unsuccessfulbuild" 파일을 삭제하고 있습니다.
         "Debug\tetris.lastbuildstate"에 연결(touching)하고 있습니다.
     1>"C:\Users\leehyun\documents\visual studio 2010\Projects\tetris\tetris\tetris.vcxproj" 프로젝트를 빌드했습니다(build 대상).

빌드했습니다.

경과 시간: 00:00:02.51
